make all --print-data-base --no-builtin-variables --no-builtin-rules --question
# GNU Make 3.81
# Copyright (C) 2006  Free Software Foundation, Inc.
# This is free software; see the source for copying conditions.
# There is NO warranty; not even for MERCHANTABILITY or FITNESS FOR A
# PARTICULAR PURPOSE.

# This program built for i386-apple-darwin11.3.0
 
make: *** No rule to make target `all'.  Stop.


# Make data base, printed on Sun Jun 12 02:53:23 2022

# Variables

# automatic
<D = $(patsubst %/,%,$(dir $<))
# automatic
?F = $(notdir $?)
# environment
VSCODE_LOG_NATIVE = false
# automatic
?D = $(patsubst %/,%,$(dir $?))
# automatic
@D = $(patsubst %/,%,$(dir $@))
 
# automatic
@F = $(notdir $@)
# makefile
CURDIR := /Users/olegv/dev/tools/podinfo
# makefile
SHELL = /bin/sh
# environment
VSCODE_NLS_CONFIG = {"locale":"en-us","availableLanguages":{},"_languagePackSupport":true}
# environment
_ = /usr/bin/make
# makefile (from `Makefile', line 9)
GIT_COMMIT := f6584f5
# makefile (from `Makefile', line 1)
MAKEFILE_LIST :=  Makefile
# environment
VSCODE_AMD_ENTRYPOINT = vs/workbench/api/node/extensionHostProcess
# makefile (from `Makefile', line 10)
VERSION := 6.1.6
# environment
VSCODE_VERBOSE_LOGGING = true
# environment
__CFBundleIdentifier = com.microsoft.VSCode
# environment
VSCODE_IPC_HOOK_EXTHOST = /var/folders/tv/k2d0v2f11cl4vxcd9rtnpw1c0000gp/T/vscode-ipc-24272da0-4d96-4111-9711-db0c0ddeaacf.sock
# environment
VSCODE_CWD = /
# environment
GOPROXY = https://proxy.golang.org,direct
# environment
PATH = /usr/local/go/bin:/usr/bin:/bin:/usr/sbin:/sbin
# environment
GOPATH = /Users/olegv/go
# environment
LaunchInstanceID = CE0538C2-C5F2-403E-8122-ACA029EA15BC
# environment
VSCODE_LOG_STACK = false
# environment
ELECTRON_RUN_AS_NODE = 1
# default
.FEATURES := target-specific order-only second-expansion else-if archives jobserver check-symlink
# makefile (from `Makefile', line 5)
TAG = latest
# makefile (from `Makefile', line 11)
EXTRA_RUN_ARGS = 
# environment
SSH_AUTH_SOCK = /private/tmp/com.apple.launchd.H32ZLCbeyM/Listeners
# automatic
%F = $(notdir $%)
# environment
VSCODE_PIPE_LOGGING = true
# environment
PWD = /Users/olegv/dev/tools/podinfo
# environment
ORIGINAL_XDG_CURRENT_DESKTOP = undefined
# environment
GOMODCACHE = /Users/olegv/go/pkg/mod
# environment
HOME = /Users/olegv
# default
MAKEFILEPATH = $(shell /usr/bin/xcode-select -print-path 2>/dev/null || echo /Developer)/Makefiles
# environment
VSCODE_CODE_CACHE_PATH = /Users/olegv/Library/Application Support/Code/CachedData/c3511e6c69bb39013c4a4b7b9566ec1ca73fc4d5
# environment
LOGNAME = olegv
# environment
APPLICATION_INSIGHTS_NO_DIAGNOSTIC_CHANNEL = 1
# environment
VSCODE_HANDLES_UNCAUGHT_ERRORS = true
# automatic
^D = $(patsubst %/,%,$(dir $^))
# environment
XPC_FLAGS = 0x0
# default
MAKE = $(MAKE_COMMAND)
# default
MAKECMDGOALS := all
# environment
SHLVL = 1
# default
MAKE_VERSION := 3.81
# environment
USER = olegv
# makefile
.DEFAULT_GOAL := run
# makefile (from `Makefile', line 6)
NAME := podinfo
# automatic
%D = $(patsubst %/,%,$(dir $%))
# default
MAKE_COMMAND := /Library/Developer/CommandLineTools/usr/bin/make
# default
.VARIABLES := 
# environment
TMPDIR = /var/folders/tv/k2d0v2f11cl4vxcd9rtnpw1c0000gp/T/
# automatic
*F = $(notdir $*)
# environment
VSCODE_IPC_HOOK = /Users/olegv/Library/Application Support/Code/1.67.2-main.sock
# makefile
MAKEFLAGS = Rrqp
# environment
MFLAGS = -Rrqp
# automatic
*D = $(patsubst %/,%,$(dir $*))
# environment
XPC_SERVICE_NAME = application.com.microsoft.VSCode.46048022.46048028
# automatic
+D = $(patsubst %/,%,$(dir $+))
# automatic
+F = $(notdir $+)
# environment
__CF_USER_TEXT_ENCODING = 0x1F6:0x0:0x0
# environment
COMMAND_MODE = unix2003
# default
MAKEFILES := 
# automatic
<F = $(notdir $<)
# makefile (from `Makefile', line 8)
DOCKER_IMAGE_NAME := stefanprodan/podinfo
# environment
LC_ALL = C
# environment
SECURITYSESSIONID = 186a3
# makefile (from `Makefile', line 7)
DOCKER_REPOSITORY := stefanprodan
# automatic
^F = $(notdir $^)
# default
SUFFIXES := 
# default
.INCLUDE_DIRS = /usr/local/include
# environment
MAKELEVEL := 0
# environment
LANG = C
# environment
VSCODE_PID = 857
# variable set hash-table stats:
# Load=74/1024=7%, Rehash=0, Collisions=2/106=2%

# Pattern-specific Variable Values

# No pattern-specific variable values.

# Directories

# . (device 16777225, inode 30234403): 26 files, no impossibilities.

# 26 files, no impossibilities in 1 directories.

# Implicit Rules

# No implicit rules.

# Files

build-base:
#  Implicit rule search has not been done.
#  Modification time never checked.
#  File has not been updated.
#  commands to execute (from `Makefile', line 48):
	docker build -f Dockerfile.base -t $(DOCKER_REPOSITORY)/podinfo-base:latest .
	

# Not a target:
all:
#  Command-line target.
#  Implicit rule search has been done.
#  File does not exist.
#  File has not been updated.
# variable set hash-table stats:
# Load=0/32=0%, Rehash=0, Collisions=0/0=0%

version-set:
#  Implicit rule search has not been done.
#  Modification time never checked.
#  File has not been updated.
#  commands to execute (from `Makefile', line 70):
	@next="$(TAG)" && \
	current="$(VERSION)" && \
	/usr/bin/sed -i '' "s/$$current/$$next/g" pkg/version/version.go && \
	/usr/bin/sed -i '' "s/tag: $$current/tag: $$next/g" charts/podinfo/values.yaml && \
	/usr/bin/sed -i '' "s/tag: $$current/tag: $$next/g" charts/podinfo/values-prod.yaml && \
	/usr/bin/sed -i '' "s/appVersion: $$current/appVersion: $$next/g" charts/podinfo/Chart.yaml && \
	/usr/bin/sed -i '' "s/version: $$current/version: $$next/g" charts/podinfo/Chart.yaml && \
	/usr/bin/sed -i '' "s/podinfo:$$current/podinfo:$$next/g" kustomize/deployment.yaml && \
	/usr/bin/sed -i '' "s/podinfo:$$current/podinfo:$$next/g" deploy/webapp/frontend/deployment.yaml && \
	/usr/bin/sed -i '' "s/podinfo:$$current/podinfo:$$next/g" deploy/webapp/backend/deployment.yaml && \
	/usr/bin/sed -i '' "s/podinfo:$$current/podinfo:$$next/g" deploy/bases/frontend/deployment.yaml && \
	/usr/bin/sed -i '' "s/podinfo:$$current/podinfo:$$next/g" deploy/bases/backend/deployment.yaml && \
	/usr/bin/sed -i '' "s/$$current/$$next/g" cue/main.cue && \
	echo "Version $$next set in code, deployment, chart and kustomize"
	

.PHONY: test cue-mod cue-gen
#  Implicit rule search has not been done.
#  Modification time never checked.
#  File has not been updated.

# Not a target:
.SUFFIXES:
#  Implicit rule search has not been done.
#  Modification time never checked.
#  File has not been updated.

# Not a target:
Makefile:
#  Implicit rule search has been done.
#  Last modified 2022-06-12 02:52:37
#  File has been updated.
#  Successfully updated.
# variable set hash-table stats:
# Load=0/32=0%, Rehash=0, Collisions=0/0=0%

test:
#  Phony target (prerequisite of .PHONY).
#  Implicit rule search has not been done.
#  File does not exist.
#  File has not been updated.
#  commands to execute (from `Makefile', line 20):
	go test ./... -coverprofile cover.out
	

swagger:
#  Implicit rule search has not been done.
#  Modification time never checked.
#  File has not been updated.
#  commands to execute (from `Makefile', line 90):
	go get github.com/swaggo/swag/cmd/swag
	cd pkg/api && $$(go env GOPATH)/bin/swag init -g server.go
	

build:
#  Implicit rule search has not been done.
#  Modification time never checked.
#  File has not been updated.
#  commands to execute (from `Makefile', line 23):
	GIT_COMMIT=$$(git rev-list -1 HEAD) && CGO_ENABLED=0 go build  -ldflags "-s -w -X github.com/stefanprodan/podinfo/pkg/version.REVISION=$(GIT_COMMIT)" -a -o ./bin/podinfo ./cmd/podinfo/*
	GIT_COMMIT=$$(git rev-list -1 HEAD) && CGO_ENABLED=0 go build  -ldflags "-s -w -X github.com/stefanprodan/podinfo/pkg/version.REVISION=$(GIT_COMMIT)" -a -o ./bin/podcli ./cmd/podcli/*
	

cue-mod:
#  Phony target (prerequisite of .PHONY).
#  Implicit rule search has not been done.
#  File does not exist.
 
#  File has not been updated.
#  commands to execute (from `Makefile', line 95):
	@cd cue && cue get go k8s.io/api/...
	

release:
#  Implicit rule search has not been done.
#  Modification time never checked.
#  File has not been updated.
#  commands to execute (from `Makefile', line 86):
	git tag $(VERSION)
	git push origin $(VERSION)
	

# Not a target:
.DEFAULT:
#  Implicit rule search has not been done.
#  Modification time never checked.
#  File has not been updated.

build-xx:
#  Implicit rule search has not been done.
#  Modification time never checked.
#  File has not been updated.
#  commands to execute (from `Makefile', line 41):
	docker buildx build \
	--platform=linux/amd64 \
	-t $(DOCKER_IMAGE_NAME):$(VERSION) \
	--load \
	-f Dockerfile.xx .
	

run:
#  Implicit rule search has not been done.
#  Modification time never checked.
#  File has not been updated.
#  commands to execute (from `Makefile', line 14):
	go run -ldflags "-s -w -X github.com/stefanprodan/podinfo/pkg/version.REVISION=$(GIT_COMMIT)" cmd/podinfo/* \
	--level=debug --grpc-port=9999 --backend-url=https://httpbin.org/status/401 --backend-url=https://httpbin.org/status/500 \
	--ui-logo=https://raw.githubusercontent.com/stefanprodan/podinfo/gh-pages/cuddle_clap.gif $(EXTRA_RUN_ARGS)
	

cue-gen:
#  Phony target (prerequisite of .PHONY).
#  Implicit rule search has not been done.
#  File does not exist.
#  File has not been updated.
#  commands to execute (from `Makefile', line 99):
	@cd cue && cue fmt ./... && cue vet --all-errors --concrete ./...
	@cd cue && cue gen
	

build-charts:
#  Implicit rule search has not been done.
#  Modification time never checked.
#  File has not been updated.
#  commands to execute (from `Makefile', line 34):
	helm lint charts/*
	helm package charts/*
	

tidy:
#  Implicit rule search has not been done.
#  Modification time never checked.
#  File has not been updated.
#  commands to execute (from `Makefile', line 27):
	rm -f go.sum; go mod tidy -compat=1.17
	

fmt:
#  Implicit rule search has not been done.
#  Modification time never checked.
#  File has not been updated.
#  commands to execute (from `Makefile', line 30):
	gofmt -l -s -w ./
	goimports -l -w ./
	

push-container:
#  Implicit rule search has not been done.
#  Modification time never checked.
#  File has not been updated.
#  commands to execute (from `Makefile', line 61):
	docker tag $(DOCKER_IMAGE_NAME):$(VERSION) $(DOCKER_IMAGE_NAME):latest
	docker push $(DOCKER_IMAGE_NAME):$(VERSION)
	docker push $(DOCKER_IMAGE_NAME):latest
	docker tag $(DOCKER_IMAGE_NAME):$(VERSION) quay.io/$(DOCKER_IMAGE_NAME):$(VERSION)
	docker tag $(DOCKER_IMAGE_NAME):$(VERSION) quay.io/$(DOCKER_IMAGE_NAME):latest
	docker push quay.io/$(DOCKER_IMAGE_NAME):$(VERSION)
	docker push quay.io/$(DOCKER_IMAGE_NAME):latest
	

test-container:
#  Implicit rule search has not been done.
#  Modification time never checked.
#  File has not been updated.
#  commands to execute (from `Makefile', line 54):
	@docker rm -f podinfo || true
	@docker run -dp 9898:9898 --name=podinfo $(DOCKER_IMAGE_NAME):$(VERSION)
	@docker ps
	@TOKEN=$$(curl -sd 'test' localhost:9898/token | jq -r .token) && \
	curl -sH "Authorization: Bearer $${TOKEN}" localhost:9898/token/validate | grep test
	

push-base: build-base
#  Implicit rule search has not been done.
#  Modification time never checked.
#  File has not been updated.
#  commands to execute (from `Makefile', line 51):
	docker push $(DOCKER_REPOSITORY)/podinfo-base:latest
	

build-container:
#  Implicit rule search has not been done.
#  Modification time never checked.
#  File has not been updated.
#  commands to execute (from `Makefile', line 38):
	docker build -t $(DOCKER_IMAGE_NAME):$(VERSION) .
	

# files hash-table stats:
# Load=22/1024=2%, Rehash=0, Collisions=0/40=0%
# VPATH Search Paths

# No `vpath' search paths.

# No general (`VPATH' variable) search path.

# # of strings in strcache: 1
# # of strcache buffers: 1
# strcache size: total = 4096 / max = 4096 / min = 4096 / avg = 4096
# strcache free: total = 4087 / max = 4087 / min = 4087 / avg = 4087

# Finished Make data base on Sun Jun 12 02:53:23 2022

 
